0 silly argv {
0 silly argv   _: [ 'run' ],
0 silly argv   scope: 'eiat',
0 silly argv   loglevel: 'verbose',
0 silly argv   lernaVersion: '8.2.3',
0 silly argv   '$0': 'node_modules\\lerna\\dist\\cli.js',
0 silly argv   script: 'dev'
0 silly argv }
1 notice cli v8.2.3
2 verbose packageConfigs Package manager "pnpm" detected. Resolving packages using `pnpm-workspace.yaml`.
3 verbose rootPath C:\Users\user\OneDrive\Desktop\new eiat\eiat-master
4 error Error: [readCachedProjectGraph] ERROR: No cached ProjectGraph is available.
4 error
4 error If you are leveraging \`readCachedProjectGraph()\` directly then you will need to refactor your usage to first ensure that
4 error the ProjectGraph is created by calling \`await createProjectGraphAsync()\` somewhere before attempting to read the data.
4 error
4 error If you encounter this error as part of running standard \`nx\` commands then please open an issue on https://github.com/nrwl/nx
4 error     at readCachedProjectGraph (C:\Users\user\OneDrive\Desktop\new eiat\eiat-master\node_modules\.pnpm\nx@20.8.2\node_modules\nx\src\project-graph\project-graph.js:44:15)
4 error     at readCachedGraphAndHydrateFileMap (C:\Users\user\OneDrive\Desktop\new eiat\eiat-master\node_modules\.pnpm\nx@20.8.2\node_modules\nx\src\project-graph\project-graph.js:172:19)
4 error     at createProjectGraphAndSourceMapsAsync (C:\Users\user\OneDrive\Desktop\new eiat\eiat-master\node_modules\.pnpm\nx@20.8.2\node_modules\nx\src\project-graph\project-graph.js:248:37)
4 error     at async createProjectGraphAsync (C:\Users\user\OneDrive\Desktop\new eiat\eiat-master\node_modules\.pnpm\nx@20.8.2\node_modules\nx\src\project-graph\project-graph.js:219:39)
4 error     at async detectProjects (C:\Users\user\OneDrive\Desktop\new eiat\eiat-master\node_modules\.pnpm\lerna@8.2.3_encoding@0.1.13\node_modules\lerna\dist\index.js:3181:25)
